08/02/2024 09:03:26 [INFO] Entrando en el método  Index() de la clase HomeController
08/02/2024 09:05:03 [INFO] Entrando en el método  Index() de la clase HomeController
08/02/2024 09:17:22 [INFO] Entrando en el método  Index() de la clase HomeController
09/02/2024 09:51:58 [INFO] Entrando en el método  Index() de la clase HomeController
09/02/2024 09:52:05 [INFO] Entrando en el método  Index() de la clase HomeController
09/02/2024 11:36:05 [INFO] Entrando en el método  Index() de la clase HomeController
09/02/2024 11:36:28 [INFO] Entrando en el método  Index() de la clase HomeController
09/02/2024 11:36:43 [INFO] Entrando en el método  Index() de la clase HomeController
09/02/2024 11:36:51 [INFO] Entrando en el método  Index() de la clase HomeController
09/02/2024 11:39:08 [INFO] Entrando en el método  Index() de la clase HomeController
09/02/2024 12:08:49 [INFO] Entrando en el método  Index() de la clase HomeController
09/02/2024 12:08:55 [INFO] Entrando en el método  Index() de la clase HomeController
09/02/2024 12:09:00 [INFO] Entrando en el método  Index() de la clase HomeController
09/02/2024 12:15:14 [INFO] Entrando en el método  Index() de la clase HomeController
09/02/2024 12:16:52 [INFO] Entrando en el método  Index() de la clase HomeController
09/02/2024 12:17:06 [INFO] Entrando en el método  Index() de la clase HomeController
09/02/2024 12:17:11 [INFO] Entrando en el método  Index() de la clase HomeController
09/02/2024 12:18:41 [INFO] Entrando en el método  Index() de la clase HomeController
09/02/2024 12:20:02 [INFO] Entrando en el método  Index() de la clase HomeController
09/02/2024 12:20:54 [INFO] Entrando en el método  Index() de la clase HomeController
09/02/2024 12:22:03 [INFO] Entrando en el método  Index() de la clase HomeController
09/02/2024 12:22:06 [INFO] Entrando en el método Login() de la clase LoginController
09/02/2024 12:22:15 [INFO] Entrando en el método  Index() de la clase HomeController
09/02/2024 12:23:30 [INFO] Entrando en el método  Index() de la clase HomeController
09/02/2024 12:23:33 [INFO] Entrando en el método  Index() de la clase HomeController
09/02/2024 12:27:35 [INFO] Entrando en el método  Index() de la clase HomeController
09/02/2024 12:27:42 [INFO] Entrando en el método Login() de la clase LoginController
09/02/2024 12:27:47 [INFO] Entrando en el método Login() de la clase LoginController
09/02/2024 12:27:48 [INFO] Entrando en el método Login() de la clase LoginController
09/02/2024 12:27:48 [INFO] Entrando en el método Login() de la clase LoginController
09/02/2024 12:27:49 [INFO] Entrando en el método Login() de la clase LoginController
09/02/2024 12:27:51 [INFO] Entrando en el método  Index() de la clase HomeController
09/02/2024 12:33:28 [INFO] Entrando en el método  Index() de la clase HomeController
09/02/2024 12:33:32 [INFO] Entrando en el método Login() de la clase LoginController
09/02/2024 12:33:34 [INFO] Entrando en el método Login() de la clase LoginController
09/02/2024 12:48:13 [INFO] Entrando en el método  Index() de la clase HomeController
09/02/2024 12:48:18 [INFO] Entrando en el método RegistrarGet() de la clase RegistroController
09/02/2024 12:48:20 [INFO] Entrando en el método RegistrarGet() de la clase RegistroController
09/02/2024 12:48:21 [INFO] Entrando en el método RegistrarGet() de la clase RegistroController
09/02/2024 12:51:33 [INFO] Entrando en el método  Index() de la clase HomeController
09/02/2024 12:54:02 [INFO] Entrando en el método  Index() de la clase HomeController
09/02/2024 12:54:06 [INFO] Entrando en el método Login() de la clase LoginController
09/02/2024 12:54:08 [INFO] Entrando en el método  Index() de la clase HomeController
09/02/2024 12:54:09 [INFO] Entrando en el método RegistrarGet() de la clase RegistroController
09/02/2024 12:54:12 [INFO] Entrando en el método  Index() de la clase HomeController
09/02/2024 12:54:38 [INFO] Entrando en el método  Index() de la clase HomeController
09/02/2024 12:57:24 [INFO] Entrando en el método  Index() de la clase HomeController
09/02/2024 12:58:16 [INFO] Entrando en el método  Index() de la clase HomeController
09/02/2024 12:59:08 [INFO] Entrando en el método  Index() de la clase HomeController
09/02/2024 12:59:29 [INFO] Entrando en el método  Index() de la clase HomeController
09/02/2024 12:59:45 [INFO] Entrando en el método  Index() de la clase HomeController
09/02/2024 01:01:58 [INFO] Entrando en el método  Index() de la clase HomeController
09/02/2024 01:04:43 [INFO] Entrando en el método  Index() de la clase HomeController
09/02/2024 01:04:47 [INFO] Entrando en el método Login() de la clase LoginController
09/02/2024 01:04:49 [INFO] Entrando en el método  Index() de la clase HomeController
09/02/2024 01:04:50 [INFO] Entrando en el método  Index() de la clase HomeController
09/02/2024 01:06:08 [INFO] Entrando en el método  Index() de la clase HomeController
09/02/2024 01:06:11 [INFO] Entrando en el método Login() de la clase LoginController
09/02/2024 01:06:14 [INFO] Entrando en el método  Index() de la clase HomeController
09/02/2024 01:06:15 [INFO] Entrando en el método RegistrarGet() de la clase RegistroController
09/02/2024 01:06:21 [INFO] Entrando en el método  Index() de la clase HomeController
09/02/2024 01:06:22 [INFO] Entrando en el método Login() de la clase LoginController
09/02/2024 01:06:26 [INFO] Entrando en el método  Index() de la clase HomeController
09/02/2024 01:10:07 [INFO] Entrando en el método  Index() de la clase HomeController
09/02/2024 01:10:08 [INFO] Entrando en el método  Index() de la clase HomeController
09/02/2024 01:10:19 [INFO] Entrando en el método  Index() de la clase HomeController
09/02/2024 01:10:26 [INFO] Entrando en el método Login() de la clase LoginController
09/02/2024 01:10:27 [INFO] Entrando en el método  Index() de la clase HomeController
09/02/2024 01:15:58 [INFO] Entrando en el método  Index() de la clase HomeController
09/02/2024 01:16:00 [INFO] Entrando en el método Login() de la clase LoginController
09/02/2024 01:16:33 [INFO] Entrando en el método ProcesarInicioSesion() de la clase LoginController
09/02/2024 01:16:33 [INFO] Entrando en el método verificarCredenciales() de la clase UsuarioServicioImpl
09/02/2024 01:16:33 [INFO] Entrando en el método Encriptar() de la clase ServicioEncriptarImpl
09/02/2024 01:16:33 [INFO] Saliendo del método Encriptar() de la clase ServicioEncriptarImpl
09/02/2024 01:16:34 [INFO] Saliendo del método verificarCredenciales() de la clase UsuarioServicioImpl. Username no encontrado
09/02/2024 01:16:34 [INFO] Saliendo del método ProcesarInicioSesion() de la clase LoginController. Credenciales inválidas o cuenta no confirmada. Inténtelo de nuevo.
09/02/2024 01:16:50 [INFO] Entrando en el método ProcesarInicioSesion() de la clase LoginController
09/02/2024 01:16:50 [INFO] Entrando en el método verificarCredenciales() de la clase UsuarioServicioImpl
09/02/2024 01:16:50 [INFO] Entrando en el método Encriptar() de la clase ServicioEncriptarImpl
09/02/2024 01:16:50 [INFO] Saliendo del método Encriptar() de la clase ServicioEncriptarImpl
09/02/2024 01:16:50 [INFO] Saliendo del método verificarCredenciales() de la clase UsuarioServicioImpl. Username no encontrado
09/02/2024 01:16:50 [INFO] Saliendo del método ProcesarInicioSesion() de la clase LoginController. Credenciales inválidas o cuenta no confirmada. Inténtelo de nuevo.
09/02/2024 01:19:38 [INFO] Entrando en el método Login() de la clase LoginController
09/02/2024 01:19:40 [INFO] Entrando en el método  Index() de la clase HomeController
09/02/2024 01:19:41 [INFO] Entrando en el método Login() de la clase LoginController
09/02/2024 01:19:42 [INFO] Entrando en el método  Index() de la clase HomeController
09/02/2024 01:19:43 [INFO] Entrando en el método RegistrarGet() de la clase RegistroController
09/02/2024 01:19:57 [INFO] Entrando en el método RegistrarPost() de la clase RegistroController
09/02/2024 01:19:57 [INFO] Entrando en el método registrarUsuario() de la clase UsuarioServicioImpl
09/02/2024 01:19:57 [INFO] Entrando en el método Encriptar() de la clase ServicioEncriptarImpl
09/02/2024 01:19:57 [INFO] Saliendo del método Encriptar() de la clase ServicioEncriptarImpl
09/02/2024 01:19:57 [INFO] Entrando en el método usuarioToDao() de la clase ConvertirAdaoImpl
09/02/2024 01:19:57 [INFO] Saliendo del método usuarioToDao() de la clase ConvertirAdaoImpl
09/02/2024 01:19:57 [INFO] Entrando en el método generarToken() de la clase UsuarioServicioImpl
09/02/2024 01:19:57 [INFO] Saliendo del método generarToken() de la clase UsuarioServicioImpl
09/02/2024 01:19:57 [Error UsuarioServicioImpl - registrarUsuario()] Error de persistencia al actualizar la bbdd: An error occurred while saving the entity changes. See the inner exception for details.
09/02/2024 01:22:14 [INFO] Entrando en el método  Index() de la clase HomeController
09/02/2024 01:22:15 [INFO] Entrando en el método Login() de la clase LoginController
09/02/2024 01:22:19 [INFO] Entrando en el método ProcesarInicioSesion() de la clase LoginController
09/02/2024 01:22:19 [INFO] Entrando en el método verificarCredenciales() de la clase UsuarioServicioImpl
09/02/2024 01:22:19 [INFO] Entrando en el método Encriptar() de la clase ServicioEncriptarImpl
09/02/2024 01:22:19 [INFO] Saliendo del método Encriptar() de la clase ServicioEncriptarImpl
09/02/2024 01:22:20 [INFO] Saliendo del método verificarCredenciales() de la clase UsuarioServicioImpl. Username no encontrado
09/02/2024 01:22:20 [INFO] Saliendo del método ProcesarInicioSesion() de la clase LoginController. Credenciales inválidas o cuenta no confirmada. Inténtelo de nuevo.
09/02/2024 01:59:50 [INFO] Entrando en el método  Index() de la clase HomeController
09/02/2024 01:59:53 [INFO] Entrando en el método RegistrarGet() de la clase RegistroController
09/02/2024 02:00:13 [INFO] Entrando en el método RegistrarPost() de la clase RegistroController
09/02/2024 02:00:13 [INFO] Entrando en el método registrarUsuario() de la clase UsuarioServicioImpl
09/02/2024 02:00:14 [INFO] Entrando en el método Encriptar() de la clase ServicioEncriptarImpl
09/02/2024 02:00:14 [INFO] Saliendo del método Encriptar() de la clase ServicioEncriptarImpl
09/02/2024 02:00:14 [INFO] Entrando en el método usuarioToDao() de la clase ConvertirAdaoImpl
09/02/2024 02:00:14 [INFO] Saliendo del método usuarioToDao() de la clase ConvertirAdaoImpl
09/02/2024 02:00:14 [INFO] Entrando en el método generarToken() de la clase UsuarioServicioImpl
09/02/2024 02:00:14 [INFO] Saliendo del método generarToken() de la clase UsuarioServicioImpl
09/02/2024 02:00:14 [Error UsuarioServicioImpl - registrarUsuario()] Error de persistencia al actualizar la bbdd: An error occurred while saving the entity changes. See the inner exception for details.
09/02/2024 02:20:16 [INFO] Entrando en el método  Index() de la clase HomeController
09/02/2024 02:20:22 [INFO] Entrando en el método Login() de la clase LoginController
09/02/2024 02:20:25 [INFO] Entrando en el método Login() de la clase LoginController
09/02/2024 02:20:27 [INFO] Entrando en el método Login() de la clase LoginController
09/02/2024 02:20:27 [INFO] Entrando en el método  Index() de la clase HomeController
09/02/2024 02:20:28 [INFO] Entrando en el método Login() de la clase LoginController
09/02/2024 02:20:29 [INFO] Entrando en el método  Index() de la clase HomeController
09/02/2024 02:20:30 [INFO] Entrando en el método RegistrarGet() de la clase RegistroController
09/02/2024 02:20:43 [INFO] Entrando en el método RegistrarPost() de la clase RegistroController
09/02/2024 02:20:43 [INFO] Entrando en el método registrarUsuario() de la clase UsuarioServicioImpl
09/02/2024 02:20:44 [INFO] Entrando en el método Encriptar() de la clase ServicioEncriptarImpl
09/02/2024 02:20:44 [INFO] Saliendo del método Encriptar() de la clase ServicioEncriptarImpl
09/02/2024 02:20:44 [INFO] Entrando en el método usuarioToDao() de la clase ConvertirAdaoImpl
09/02/2024 02:20:44 [INFO] Saliendo del método usuarioToDao() de la clase ConvertirAdaoImpl
09/02/2024 02:20:44 [INFO] Entrando en el método generarToken() de la clase UsuarioServicioImpl
09/02/2024 02:20:44 [INFO] Saliendo del método generarToken() de la clase UsuarioServicioImpl
09/02/2024 02:20:45 [Error UsuarioServicioImpl - registrarUsuario()] Error de persistencia al actualizar la bbdd: An error occurred while saving the entity changes. See the inner exception for details.
09/02/2024 02:24:03 [INFO] Entrando en el método  Index() de la clase HomeController
09/02/2024 02:24:07 [INFO] Entrando en el método RegistrarGet() de la clase RegistroController
09/02/2024 02:24:16 [INFO] Entrando en el método RegistrarPost() de la clase RegistroController
09/02/2024 02:24:16 [INFO] Entrando en el método registrarUsuario() de la clase UsuarioServicioImpl
09/02/2024 02:24:17 [INFO] Entrando en el método Encriptar() de la clase ServicioEncriptarImpl
09/02/2024 02:24:17 [INFO] Saliendo del método Encriptar() de la clase ServicioEncriptarImpl
09/02/2024 02:24:17 [INFO] Entrando en el método usuarioToDao() de la clase ConvertirAdaoImpl
09/02/2024 02:24:17 [INFO] Saliendo del método usuarioToDao() de la clase ConvertirAdaoImpl
09/02/2024 02:24:17 [INFO] Entrando en el método generarToken() de la clase UsuarioServicioImpl
09/02/2024 02:24:17 [INFO] Saliendo del método generarToken() de la clase UsuarioServicioImpl
09/02/2024 02:24:18 [Error UsuarioServicioImpl - registrarUsuario()] Error de persistencia al actualizar la bbdd: An error occurred while saving the entity changes. See the inner exception for details.
